2019-12-26 12:20:12,614 DEBUG [main] java:53 - hello
2019-12-26 12:21:59,870 DEBUG [main] java:53 - hello
2019-12-26 12:22:23,803  INFO [main] java:60 - launching chrome browser
2019-12-26 12:22:28,159  INFO [main] java:73 - maximiz the browser
2019-12-26 12:22:28,488  INFO [main] java:77 - deleting all cookies
2019-12-26 12:22:28,756  INFO [main] java:79 - page load timeout
2019-12-26 12:22:28,772  INFO [main] java:81 - implicity waiting
2019-12-26 12:27:06,679 DEBUG [main] java:53 - hello
2019-12-26 12:27:19,043  INFO [main] java:60 - launching chrome browser
2019-12-26 12:27:23,434  INFO [main] java:73 - maximiz the browser
2019-12-26 12:27:23,622  INFO [main] java:77 - deleting all cookies
2019-12-26 12:27:23,673  INFO [main] java:79 - page load timeout
2019-12-26 12:27:23,680  INFO [main] java:81 - implicity waiting
2019-12-26 21:59:02,177 DEBUG [main] java:53 - hello
2019-12-26 21:59:33,674  INFO [main] java:60 - launching chrome browser
2019-12-26 21:59:38,269  INFO [main] java:73 - maximiz the browser
2019-12-26 21:59:38,495  INFO [main] java:77 - deleting all cookies
2019-12-26 21:59:38,558  INFO [main] java:79 - page load timeout
2019-12-26 21:59:38,569  INFO [main] java:81 - implicity waiting
2019-12-26 22:01:26,841 DEBUG [main] java:53 - hello
2019-12-26 22:01:36,944  INFO [main] java:60 - launching chrome browser
2019-12-26 22:01:41,160  INFO [main] java:73 - maximiz the browser
2019-12-26 22:01:42,267  INFO [main] java:77 - deleting all cookies
2019-12-26 22:01:42,368  INFO [main] java:79 - page load timeout
2019-12-26 22:01:42,376  INFO [main] java:81 - implicity waiting
2019-12-26 22:03:13,592 DEBUG [main] java:53 - hello
2019-12-26 22:03:23,680  INFO [main] java:60 - launching chrome browser
2019-12-26 22:03:27,840  INFO [main] java:73 - maximiz the browser
2019-12-26 22:03:27,877  INFO [main] java:77 - deleting all cookies
2019-12-26 22:03:27,888  INFO [main] java:79 - page load timeout
2019-12-26 22:03:27,898  INFO [main] java:81 - implicity waiting
2019-12-26 22:03:42,026  INFO [main] java:83 - opening url
2019-12-26 22:03:43,412 DEBUG [main] java:53 - hello
2019-12-26 22:03:49,154  INFO [main] java:60 - launching chrome browser
2019-12-26 22:03:53,297  INFO [main] java:73 - maximiz the browser
2019-12-26 22:03:53,310  INFO [main] java:77 - deleting all cookies
2019-12-26 22:03:53,329  INFO [main] java:79 - page load timeout
2019-12-26 22:03:53,337  INFO [main] java:81 - implicity waiting
2019-12-26 22:25:56,492 DEBUG [main] java:53 - hello
2019-12-26 22:26:17,023  INFO [main] java:60 - launching chrome browser
2019-12-26 22:26:21,928  INFO [main] java:73 - maximiz the browser
2019-12-26 22:26:22,735  INFO [main] java:77 - deleting all cookies
2019-12-26 22:26:22,863  INFO [main] java:79 - page load timeout
2019-12-26 22:26:22,868  INFO [main] java:81 - implicity waiting
2019-12-26 22:27:28,785 DEBUG [main] cache:45 - Couldn't find template in cache for "Extent.ftl"("en_IN", UTF-8, parsed); will try to load it.
2019-12-26 22:27:28,787 DEBUG [main] cache:45 - TemplateLoader.findTemplateSource("Extent_en_IN.ftl"): Not found
2019-12-26 22:27:28,790 DEBUG [main] cache:45 - TemplateLoader.findTemplateSource("Extent_en.ftl"): Not found
2019-12-26 22:27:28,792 DEBUG [main] cache:45 - TemplateLoader.findTemplateSource("Extent.ftl"): Found
2019-12-26 22:27:28,793 DEBUG [main] cache:45 - Loading template for "Extent.ftl"("en_IN", UTF-8, parsed) from "jar:file:/C:/Users/Abdul%20Rajik%20shaik/.m2/repository/com/relevantcodes/extentreports/2.41.2/extentreports-2.41.2.jar!/com/relevantcodes/extentreports/view/Extent.ftl"
2019-12-26 22:27:29,324 DEBUG [main] cache:45 - Couldn't find template in cache for "Extent.ftl"("en_IN", UTF-8, parsed); will try to load it.
2019-12-26 22:27:29,325 DEBUG [main] cache:45 - TemplateLoader.findTemplateSource("Extent_en_IN.ftl"): Not found
2019-12-26 22:27:29,326 DEBUG [main] cache:45 - TemplateLoader.findTemplateSource("Extent_en.ftl"): Not found
2019-12-26 22:27:29,327 DEBUG [main] cache:45 - TemplateLoader.findTemplateSource("Extent.ftl"): Found
2019-12-26 22:27:29,327 DEBUG [main] cache:45 - Loading template for "Extent.ftl"("en_IN", UTF-8, parsed) from "jar:file:/C:/Users/Abdul%20Rajik%20shaik/.m2/repository/com/relevantcodes/extentreports/2.41.2/extentreports-2.41.2.jar!/com/relevantcodes/extentreports/view/Extent.ftl"
2020-01-02 11:18:14,838 DEBUG [main] java:53 - hello
2020-01-02 11:28:42,983 DEBUG [main] java:53 - hello
2020-01-02 11:28:59,812  INFO [main] java:60 - launching chrome browser
2020-01-02 11:29:04,174  INFO [main] java:73 - maximiz the browser
2020-01-02 11:29:05,773  INFO [main] java:77 - deleting all cookies
2020-01-02 11:29:06,063  INFO [main] java:79 - page load timeout
2020-01-02 11:29:06,078  INFO [main] java:81 - implicity waiting
2020-01-02 11:30:42,395 DEBUG [main] java:53 - hello
2020-01-02 11:30:52,144  INFO [main] java:60 - launching chrome browser
2020-01-02 11:30:56,453  INFO [main] java:73 - maximiz the browser
2020-01-02 11:30:56,566  INFO [main] java:77 - deleting all cookies
2020-01-02 11:30:56,593  INFO [main] java:79 - page load timeout
2020-01-02 11:30:56,610  INFO [main] java:81 - implicity waiting
2020-01-02 11:41:01,562 DEBUG [main] java:53 - hello
2020-01-02 11:41:10,511  INFO [main] java:60 - launching chrome browser
2020-01-02 11:41:14,792  INFO [main] java:73 - maximiz the browser
2020-01-02 11:41:15,755  INFO [main] java:77 - deleting all cookies
2020-01-02 11:41:15,771  INFO [main] java:79 - page load timeout
2020-01-02 11:41:15,787  INFO [main] java:81 - implicity waiting
2020-01-02 11:41:21,877  INFO [main] java:83 - opening url
2020-01-02 11:41:25,219 DEBUG [main] java:53 - hello
2020-01-02 11:41:31,559  INFO [main] java:60 - launching chrome browser
2020-01-02 11:41:35,770  INFO [main] java:73 - maximiz the browser
2020-01-02 11:41:35,784  INFO [main] java:77 - deleting all cookies
2020-01-02 11:41:35,789  INFO [main] java:79 - page load timeout
2020-01-02 11:41:35,800  INFO [main] java:81 - implicity waiting
2020-01-02 11:41:41,254  INFO [main] java:83 - opening url
2020-01-02 11:41:46,430 DEBUG [main] java:53 - hello
2020-01-02 11:41:52,845  INFO [main] java:60 - launching chrome browser
2020-01-02 11:41:57,062  INFO [main] java:73 - maximiz the browser
2020-01-02 11:41:57,073  INFO [main] java:77 - deleting all cookies
2020-01-02 11:41:57,078  INFO [main] java:79 - page load timeout
2020-01-02 11:41:57,083  INFO [main] java:81 - implicity waiting
2020-01-02 11:42:02,328  INFO [main] java:83 - opening url
2020-01-02 11:42:06,012 DEBUG [main] java:53 - hello
2020-01-02 11:42:12,731  INFO [main] java:60 - launching chrome browser
2020-01-02 11:42:16,952  INFO [main] java:73 - maximiz the browser
2020-01-02 11:42:16,971  INFO [main] java:77 - deleting all cookies
2020-01-02 11:42:16,981  INFO [main] java:79 - page load timeout
2020-01-02 11:42:16,988  INFO [main] java:81 - implicity waiting
2020-01-02 11:42:24,613  INFO [main] java:83 - opening url
2020-01-02 11:42:33,302 DEBUG [main] java:53 - hello
2020-01-02 11:42:41,499  INFO [main] java:60 - launching chrome browser
2020-01-02 11:42:45,697  INFO [main] java:73 - maximiz the browser
2020-01-02 11:42:45,713  INFO [main] java:77 - deleting all cookies
2020-01-02 11:42:45,716  INFO [main] java:79 - page load timeout
2020-01-02 11:42:45,722  INFO [main] java:81 - implicity waiting
2020-01-02 11:42:54,660  INFO [main] java:83 - opening url
2020-01-02 11:43:07,301 DEBUG [main] java:53 - hello
2020-01-02 11:43:16,828  INFO [main] java:60 - launching chrome browser
2020-01-02 11:43:21,180  INFO [main] java:73 - maximiz the browser
2020-01-02 11:43:21,193  INFO [main] java:77 - deleting all cookies
2020-01-02 11:43:21,200  INFO [main] java:79 - page load timeout
2020-01-02 11:43:21,237  INFO [main] java:81 - implicity waiting
2020-01-02 11:43:28,476  INFO [main] java:83 - opening url
2020-01-02 11:44:39,581 DEBUG [main] java:53 - hello
2020-01-02 11:44:48,854  INFO [main] java:60 - launching chrome browser
2020-01-02 11:44:53,326  INFO [main] java:73 - maximiz the browser
2020-01-02 11:44:54,883  INFO [main] java:77 - deleting all cookies
2020-01-02 11:44:54,909  INFO [main] java:79 - page load timeout
2020-01-02 11:44:54,925  INFO [main] java:81 - implicity waiting
2020-01-02 11:44:59,743  INFO [main] java:83 - opening url
2020-01-02 12:03:47,362 DEBUG [TestNG] java:53 - hello
2020-01-02 12:03:55,485  INFO [TestNG] java:60 - launching chrome browser
2020-01-02 12:03:59,699  INFO [TestNG] java:73 - maximiz the browser
2020-01-02 12:03:59,795  INFO [TestNG] java:77 - deleting all cookies
2020-01-02 12:03:59,811  INFO [TestNG] java:79 - page load timeout
2020-01-02 12:03:59,834  INFO [TestNG] java:81 - implicity waiting
2020-01-02 12:04:06,714  INFO [TestNG] java:83 - opening url
2020-01-02 12:04:26,079 DEBUG [TestNG] java:53 - hello
2020-01-02 12:04:34,654  INFO [TestNG] java:60 - launching chrome browser
2020-01-02 12:04:38,850  INFO [TestNG] java:73 - maximiz the browser
2020-01-02 12:04:38,869  INFO [TestNG] java:77 - deleting all cookies
2020-01-02 12:04:38,885  INFO [TestNG] java:79 - page load timeout
2020-01-02 12:04:38,901  INFO [TestNG] java:81 - implicity waiting
2020-01-02 12:04:44,493  INFO [TestNG] java:83 - opening url
2020-01-02 12:04:47,559 DEBUG [TestNG] java:53 - hello
2020-01-02 12:04:52,826  INFO [TestNG] java:60 - launching chrome browser
2020-01-02 12:04:56,994  INFO [TestNG] java:73 - maximiz the browser
2020-01-02 12:04:56,999  INFO [TestNG] java:77 - deleting all cookies
2020-01-02 12:04:57,014  INFO [TestNG] java:79 - page load timeout
2020-01-02 12:04:57,030  INFO [TestNG] java:81 - implicity waiting
2020-01-02 12:05:05,481  INFO [TestNG] java:83 - opening url
2020-01-02 12:05:05,491 DEBUG [TestNG] java:53 - hello
2020-01-02 12:05:11,512  INFO [TestNG] java:60 - launching chrome browser
2020-01-02 12:05:15,733  INFO [TestNG] java:73 - maximiz the browser
2020-01-02 12:05:15,750  INFO [TestNG] java:77 - deleting all cookies
2020-01-02 12:05:15,757  INFO [TestNG] java:79 - page load timeout
2020-01-02 12:05:15,762  INFO [TestNG] java:81 - implicity waiting
2020-01-02 12:05:22,573  INFO [TestNG] java:83 - opening url
2020-01-02 12:05:23,402 DEBUG [TestNG] java:53 - hello
2020-01-02 12:05:29,495  INFO [TestNG] java:60 - launching chrome browser
2020-01-02 12:05:33,696  INFO [TestNG] java:73 - maximiz the browser
2020-01-02 12:05:33,710  INFO [TestNG] java:77 - deleting all cookies
2020-01-02 12:05:33,715  INFO [TestNG] java:79 - page load timeout
2020-01-02 12:05:33,724  INFO [TestNG] java:81 - implicity waiting
2020-01-02 12:05:41,842  INFO [TestNG] java:83 - opening url
2020-01-02 12:05:47,043 DEBUG [TestNG] java:53 - hello
2020-01-02 12:05:52,917  INFO [TestNG] java:60 - launching chrome browser
2020-01-02 12:05:57,114  INFO [TestNG] java:73 - maximiz the browser
2020-01-02 12:05:57,123  INFO [TestNG] java:77 - deleting all cookies
2020-01-02 12:05:57,139  INFO [TestNG] java:79 - page load timeout
2020-01-02 12:05:57,155  INFO [TestNG] java:81 - implicity waiting
2020-01-02 12:06:02,902  INFO [TestNG] java:83 - opening url
2020-01-02 12:06:04,393 DEBUG [TestNG] java:53 - hello
2020-01-02 12:06:10,013  INFO [TestNG] java:60 - launching chrome browser
2020-01-02 12:06:14,198  INFO [TestNG] java:73 - maximiz the browser
2020-01-02 12:06:14,209  INFO [TestNG] java:77 - deleting all cookies
2020-01-02 12:06:14,225  INFO [TestNG] java:79 - page load timeout
2020-01-02 12:06:14,241  INFO [TestNG] java:81 - implicity waiting
2020-01-02 12:06:20,231  INFO [TestNG] java:83 - opening url
2020-01-02 12:06:25,552 DEBUG [TestNG] java:53 - hello
2020-01-02 12:06:31,859  INFO [TestNG] java:60 - launching chrome browser
2020-01-02 12:06:36,097  INFO [TestNG] java:73 - maximiz the browser
2020-01-02 12:06:36,105  INFO [TestNG] java:77 - deleting all cookies
2020-01-02 12:06:36,121  INFO [TestNG] java:79 - page load timeout
2020-01-02 12:06:36,137  INFO [TestNG] java:81 - implicity waiting
2020-01-02 12:06:41,170  INFO [TestNG] java:83 - opening url
2020-01-02 12:06:47,840 DEBUG [TestNG] java:53 - hello
2020-01-02 12:06:54,752  INFO [TestNG] java:60 - launching chrome browser
2020-01-02 12:06:58,932  INFO [TestNG] java:73 - maximiz the browser
2020-01-02 12:06:58,941  INFO [TestNG] java:77 - deleting all cookies
2020-01-02 12:06:58,956  INFO [TestNG] java:79 - page load timeout
2020-01-02 12:06:58,961  INFO [TestNG] java:81 - implicity waiting
2020-01-02 12:07:06,611  INFO [TestNG] java:83 - opening url
2020-01-02 12:07:10,016 DEBUG [TestNG] java:53 - hello
2020-01-02 12:07:15,434  INFO [TestNG] java:60 - launching chrome browser
2020-01-02 12:07:19,647  INFO [TestNG] java:73 - maximiz the browser
2020-01-02 12:07:19,649  INFO [TestNG] java:77 - deleting all cookies
2020-01-02 12:07:19,665  INFO [TestNG] java:79 - page load timeout
2020-01-02 12:07:19,680  INFO [TestNG] java:81 - implicity waiting
2020-01-02 12:07:25,309  INFO [TestNG] java:83 - opening url
2020-01-06 16:44:02,920 DEBUG [pool-1-thread-1] java:53 - hello
2020-01-06 16:46:00,260 DEBUG [pool-1-thread-1] java:53 - hello
2020-01-06 16:46:34,148  INFO [pool-1-thread-1] java:60 - launching chrome browser
2020-01-06 16:46:38,944  INFO [pool-1-thread-1] java:73 - maximiz the browser
2020-01-06 16:46:39,258  INFO [pool-1-thread-1] java:77 - deleting all cookies
2020-01-06 16:46:39,283  INFO [pool-1-thread-1] java:79 - page load timeout
2020-01-06 16:46:39,293  INFO [pool-1-thread-1] java:81 - implicity waiting
2020-01-06 17:08:04,839 DEBUG [pool-1-thread-1] java:53 - hello
2020-01-06 17:08:34,609  INFO [pool-1-thread-1] java:60 - launching chrome browser
2020-01-06 17:08:41,048  INFO [pool-1-thread-1] java:73 - maximiz the browser
2020-01-06 17:08:43,235  INFO [pool-1-thread-1] java:77 - deleting all cookies
2020-01-06 17:08:43,244  INFO [pool-1-thread-1] java:79 - page load timeout
2020-01-06 17:08:43,260  INFO [pool-1-thread-1] java:81 - implicity waiting
2020-01-06 19:16:13,789 DEBUG [main] java:53 - hello
2020-01-06 19:16:44,870  INFO [main] java:60 - launching chrome browser
2020-01-06 19:16:49,563  INFO [main] java:73 - maximiz the browser
2020-01-06 19:16:49,755  INFO [main] java:77 - deleting all cookies
2020-01-06 19:16:49,775  INFO [main] java:79 - page load timeout
2020-01-06 19:16:49,785  INFO [main] java:81 - implicity waiting
2020-01-06 19:19:07,820 DEBUG [main] java:53 - hello
2020-01-06 19:19:22,941  INFO [main] java:60 - launching chrome browser
2020-01-06 19:19:27,230  INFO [main] java:73 - maximiz the browser
2020-01-06 19:19:27,471  INFO [main] java:77 - deleting all cookies
2020-01-06 19:19:27,478  INFO [main] java:79 - page load timeout
2020-01-06 19:19:27,483  INFO [main] java:81 - implicity waiting
2020-01-06 19:21:50,176 DEBUG [main] java:53 - hello
2020-01-06 19:22:07,661  INFO [main] java:60 - launching chrome browser
2020-01-06 19:22:12,254  INFO [main] java:73 - maximiz the browser
2020-01-06 19:22:13,345  INFO [main] java:77 - deleting all cookies
2020-01-06 19:22:13,375  INFO [main] java:79 - page load timeout
2020-01-06 19:22:13,396  INFO [main] java:81 - implicity waiting
2020-01-06 19:24:15,205 DEBUG [main] java:53 - hello
2020-01-06 19:24:25,485  INFO [main] java:60 - launching chrome browser
2020-01-06 19:24:29,749  INFO [main] java:73 - maximiz the browser
2020-01-06 19:24:29,846  INFO [main] java:77 - deleting all cookies
2020-01-06 19:24:29,855  INFO [main] java:79 - page load timeout
2020-01-06 19:24:29,877  INFO [main] java:81 - implicity waiting
2020-01-24 11:27:37,957 DEBUG [TestNG] java:53 - hello
2020-01-24 11:27:55,832  INFO [TestNG] java:60 - launching chrome browser
2020-01-24 11:28:00,422  INFO [TestNG] java:73 - maximiz the browser
2020-01-24 11:28:00,803  INFO [TestNG] java:77 - deleting all cookies
2020-01-24 11:28:00,809  INFO [TestNG] java:79 - page load timeout
2020-01-24 11:28:00,818  INFO [TestNG] java:81 - implicity waiting
2020-01-24 11:28:11,502  INFO [TestNG] java:83 - opening url
2020-01-24 11:28:39,972 DEBUG [TestNG] java:53 - hello
2020-01-24 11:28:52,580  INFO [TestNG] java:60 - launching chrome browser
2020-01-24 11:28:56,724  INFO [TestNG] java:73 - maximiz the browser
2020-01-24 11:28:56,734  INFO [TestNG] java:77 - deleting all cookies
2020-01-24 11:28:56,853  INFO [TestNG] java:79 - page load timeout
2020-01-24 11:28:56,857  INFO [TestNG] java:81 - implicity waiting
2020-01-24 11:29:05,175  INFO [TestNG] java:83 - opening url
2020-01-24 11:29:09,070 DEBUG [TestNG] java:53 - hello
2020-01-24 11:29:14,720  INFO [TestNG] java:60 - launching chrome browser
2020-01-24 11:29:18,872  INFO [TestNG] java:73 - maximiz the browser
2020-01-24 11:29:18,888  INFO [TestNG] java:77 - deleting all cookies
2020-01-24 11:29:18,895  INFO [TestNG] java:79 - page load timeout
2020-01-24 11:29:18,904  INFO [TestNG] java:81 - implicity waiting
2020-01-24 11:29:25,494  INFO [TestNG] java:83 - opening url
2020-01-24 11:29:25,507 DEBUG [TestNG] java:53 - hello
2020-01-24 11:29:31,040  INFO [TestNG] java:60 - launching chrome browser
2020-01-24 11:29:35,194  INFO [TestNG] java:73 - maximiz the browser
2020-01-24 11:29:35,206  INFO [TestNG] java:77 - deleting all cookies
2020-01-24 11:29:35,211  INFO [TestNG] java:79 - page load timeout
2020-01-24 11:29:35,217  INFO [TestNG] java:81 - implicity waiting
2020-01-24 11:29:47,507  INFO [TestNG] java:83 - opening url
2020-01-24 11:29:48,734 DEBUG [TestNG] java:53 - hello
2020-01-24 11:29:56,597  INFO [TestNG] java:60 - launching chrome browser
2020-01-24 11:30:00,734  INFO [TestNG] java:73 - maximiz the browser
2020-01-24 11:30:00,752  INFO [TestNG] java:77 - deleting all cookies
2020-01-24 11:30:00,758  INFO [TestNG] java:79 - page load timeout
2020-01-24 11:30:00,766  INFO [TestNG] java:81 - implicity waiting
2020-01-24 11:30:13,852  INFO [TestNG] java:83 - opening url
2020-01-24 11:30:28,768 DEBUG [TestNG] java:53 - hello
2020-01-24 11:30:39,742  INFO [TestNG] java:60 - launching chrome browser
2020-01-24 11:30:43,892  INFO [TestNG] java:73 - maximiz the browser
2020-01-24 11:30:43,903  INFO [TestNG] java:77 - deleting all cookies
2020-01-24 11:30:43,919  INFO [TestNG] java:79 - page load timeout
2020-01-24 11:30:43,924  INFO [TestNG] java:81 - implicity waiting
2020-01-24 11:30:55,809  INFO [TestNG] java:83 - opening url
2020-01-24 11:30:57,711 DEBUG [TestNG] java:53 - hello
2020-01-24 11:31:04,506  INFO [TestNG] java:60 - launching chrome browser
2020-01-24 11:31:06,656  INFO [TestNG] java:73 - maximiz the browser
2020-01-24 11:31:06,672  INFO [TestNG] java:77 - deleting all cookies
2020-01-24 11:31:06,686  INFO [TestNG] java:79 - page load timeout
2020-01-24 11:31:06,691  INFO [TestNG] java:81 - implicity waiting
2020-01-24 11:31:18,369  INFO [TestNG] java:83 - opening url
2020-01-24 11:31:21,510 DEBUG [TestNG] java:53 - hello
2020-01-24 11:31:27,942  INFO [TestNG] java:60 - launching chrome browser
2020-01-24 11:31:32,703  INFO [TestNG] java:73 - maximiz the browser
2020-01-24 11:31:32,715  INFO [TestNG] java:77 - deleting all cookies
2020-01-24 11:31:32,720  INFO [TestNG] java:79 - page load timeout
2020-01-24 11:31:32,725  INFO [TestNG] java:81 - implicity waiting
2020-01-24 11:31:50,716 DEBUG [main] cache:45 - Couldn't find template in cache for "Extent.ftl"("en_IN", UTF-8, parsed); will try to load it.
2020-01-24 11:31:50,722 DEBUG [main] cache:45 - TemplateLoader.findTemplateSource("Extent_en_IN.ftl"): Not found
2020-01-24 11:31:50,725 DEBUG [main] cache:45 - TemplateLoader.findTemplateSource("Extent_en.ftl"): Not found
2020-01-24 11:31:50,727 DEBUG [main] cache:45 - TemplateLoader.findTemplateSource("Extent.ftl"): Found
2020-01-24 11:31:50,728 DEBUG [main] cache:45 - Loading template for "Extent.ftl"("en_IN", UTF-8, parsed) from "jar:file:/C:/Users/Abdul%20Rajik%20shaik/.m2/repository/com/relevantcodes/extentreports/2.41.2/extentreports-2.41.2.jar!/com/relevantcodes/extentreports/view/Extent.ftl"
2020-01-24 11:31:51,357 DEBUG [main] cache:45 - Couldn't find template in cache for "Extent.ftl"("en_IN", UTF-8, parsed); will try to load it.
2020-01-24 11:31:51,359 DEBUG [main] cache:45 - TemplateLoader.findTemplateSource("Extent_en_IN.ftl"): Not found
2020-01-24 11:31:51,360 DEBUG [main] cache:45 - TemplateLoader.findTemplateSource("Extent_en.ftl"): Not found
2020-01-24 11:31:51,362 DEBUG [main] cache:45 - TemplateLoader.findTemplateSource("Extent.ftl"): Found
2020-01-24 11:31:51,363 DEBUG [main] cache:45 - Loading template for "Extent.ftl"("en_IN", UTF-8, parsed) from "jar:file:/C:/Users/Abdul%20Rajik%20shaik/.m2/repository/com/relevantcodes/extentreports/2.41.2/extentreports-2.41.2.jar!/com/relevantcodes/extentreports/view/Extent.ftl"
2020-01-24 12:41:38,219 DEBUG [main] java:53 - hello
2020-01-24 12:43:21,952  INFO [main] java:60 - launching chrome browser
2020-01-24 12:43:32,559  INFO [main] java:73 - maximiz the browser
2020-01-24 12:43:36,031  INFO [main] java:77 - deleting all cookies
2020-01-24 12:43:36,474  INFO [main] java:79 - page load timeout
2020-01-24 12:43:36,484  INFO [main] java:81 - implicity waiting
2020-01-24 12:44:06,551 DEBUG [main] java:53 - hello
2020-01-24 12:44:43,912  INFO [main] java:60 - launching chrome browser
2020-01-24 12:44:48,052  INFO [main] java:73 - maximiz the browser
2020-01-24 12:44:48,066  INFO [main] java:77 - deleting all cookies
2020-01-24 12:44:48,071  INFO [main] java:79 - page load timeout
2020-01-24 12:44:48,077  INFO [main] java:81 - implicity waiting
2020-01-24 12:48:07,851 DEBUG [main] java:53 - hello
2020-01-24 12:48:29,245  INFO [main] java:60 - launching chrome browser
2020-01-24 12:48:33,496  INFO [main] java:73 - maximiz the browser
2020-01-24 12:48:33,509  INFO [main] java:77 - deleting all cookies
2020-01-24 12:48:33,514  INFO [main] java:79 - page load timeout
2020-01-24 12:48:33,518  INFO [main] java:81 - implicity waiting
2020-01-24 12:51:14,389 DEBUG [main] java:53 - hello
2020-01-24 12:51:50,749  INFO [main] java:60 - launching chrome browser
2020-01-24 12:51:56,687  INFO [main] java:73 - maximiz the browser
2020-01-24 12:51:56,854  INFO [main] java:77 - deleting all cookies
2020-01-24 12:51:57,115  INFO [main] java:79 - page load timeout
2020-01-24 12:51:57,600  INFO [main] java:81 - implicity waiting
2020-01-24 12:55:21,161 DEBUG [main] java:53 - hello
2020-01-24 12:55:51,189  INFO [main] java:60 - launching chrome browser
2020-01-24 12:55:55,750  INFO [main] java:73 - maximiz the browser
2020-01-24 12:55:55,816  INFO [main] java:77 - deleting all cookies
2020-01-24 12:55:55,822  INFO [main] java:79 - page load timeout
2020-01-24 12:55:56,041  INFO [main] java:81 - implicity waiting
2020-01-24 19:25:26,529 DEBUG [main] java:53 - hello
2020-01-24 19:25:42,970  INFO [main] java:60 - launching chrome browser
2020-01-24 19:25:47,334  INFO [main] java:73 - maximiz the browser
2020-01-24 19:25:47,975  INFO [main] java:77 - deleting all cookies
2020-01-24 19:25:47,984  INFO [main] java:79 - page load timeout
2020-01-24 19:25:47,992  INFO [main] java:81 - implicity waiting
2020-01-24 19:26:02,763  INFO [main] java:83 - opening url
2020-01-24 19:27:20,714 DEBUG [main] java:53 - hello
2020-01-24 19:27:29,381  INFO [main] java:60 - launching chrome browser
2020-01-24 19:27:33,624  INFO [main] java:73 - maximiz the browser
2020-01-24 19:27:33,777  INFO [main] java:77 - deleting all cookies
2020-01-24 19:27:33,788  INFO [main] java:79 - page load timeout
2020-01-24 19:27:33,796  INFO [main] java:81 - implicity waiting
2020-02-01 22:54:07,261 DEBUG [main] java:53 - hello
2020-02-01 22:54:27,687  INFO [main] java:60 - launching chrome browser
2020-02-01 22:54:32,755  INFO [main] java:73 - maximiz the browser
2020-02-01 22:54:33,418  INFO [main] java:77 - deleting all cookies
2020-02-01 22:54:33,501  INFO [main] java:79 - page load timeout
2020-02-01 22:54:33,526  INFO [main] java:81 - implicity waiting
2020-02-01 22:56:44,189 DEBUG [main] java:53 - hello
2020-02-01 22:56:56,440  INFO [main] java:60 - launching chrome browser
2020-02-01 22:57:00,776  INFO [main] java:73 - maximiz the browser
2020-02-01 22:57:01,455  INFO [main] java:77 - deleting all cookies
2020-02-01 22:57:01,468  INFO [main] java:79 - page load timeout
2020-02-01 22:57:01,478  INFO [main] java:81 - implicity waiting
2020-02-01 22:57:09,596  INFO [main] java:83 - opening url
2020-02-01 23:00:07,363 DEBUG [main] java:53 - hello
2020-02-01 23:00:18,423  INFO [main] java:60 - launching chrome browser
2020-02-01 23:00:23,124  INFO [main] java:73 - maximiz the browser
2020-02-01 23:00:23,208  INFO [main] java:77 - deleting all cookies
2020-02-01 23:00:23,219  INFO [main] java:79 - page load timeout
2020-02-01 23:00:23,229  INFO [main] java:81 - implicity waiting
2020-02-01 23:00:30,218  INFO [main] java:83 - opening url
2020-02-01 23:00:32,599 DEBUG [main] java:53 - hello
2020-02-01 23:00:42,389  INFO [main] java:60 - launching chrome browser
2020-02-01 23:00:46,550  INFO [main] java:73 - maximiz the browser
2020-02-01 23:00:46,562  INFO [main] java:77 - deleting all cookies
2020-02-01 23:00:46,567  INFO [main] java:79 - page load timeout
2020-02-01 23:00:46,576  INFO [main] java:81 - implicity waiting
2020-02-01 23:00:55,488  INFO [main] java:83 - opening url
2020-02-01 23:01:03,497 DEBUG [main] java:53 - hello
2020-02-01 23:01:11,301  INFO [main] java:60 - launching chrome browser
2020-02-01 23:01:15,471  INFO [main] java:73 - maximiz the browser
2020-02-01 23:01:15,490  INFO [main] java:77 - deleting all cookies
2020-02-01 23:01:15,495  INFO [main] java:79 - page load timeout
2020-02-01 23:01:15,501  INFO [main] java:81 - implicity waiting
2020-02-01 23:01:25,259  INFO [main] java:83 - opening url
2020-02-01 23:01:33,213 DEBUG [main] java:53 - hello
2020-02-01 23:01:41,499  INFO [main] java:60 - launching chrome browser
2020-02-01 23:01:45,656  INFO [main] java:73 - maximiz the browser
2020-02-01 23:01:45,668  INFO [main] java:77 - deleting all cookies
2020-02-01 23:01:45,674  INFO [main] java:79 - page load timeout
2020-02-01 23:01:45,678  INFO [main] java:81 - implicity waiting
2020-02-01 23:01:52,142  INFO [main] java:83 - opening url
2020-02-01 23:01:55,305 DEBUG [main] java:53 - hello
2020-02-01 23:02:01,219  INFO [main] java:60 - launching chrome browser
2020-02-01 23:02:05,374  INFO [main] java:73 - maximiz the browser
2020-02-01 23:02:05,385  INFO [main] java:77 - deleting all cookies
2020-02-01 23:02:05,390  INFO [main] java:79 - page load timeout
2020-02-01 23:02:05,400  INFO [main] java:81 - implicity waiting
2020-02-01 23:02:12,713  INFO [main] java:83 - opening url
2020-02-01 23:02:16,503 DEBUG [main] java:53 - hello
2020-02-01 23:02:22,087  INFO [main] java:60 - launching chrome browser
2020-02-01 23:02:26,245  INFO [main] java:73 - maximiz the browser
2020-02-01 23:02:26,260  INFO [main] java:77 - deleting all cookies
2020-02-01 23:02:26,265  INFO [main] java:79 - page load timeout
2020-02-01 23:02:26,273  INFO [main] java:81 - implicity waiting
2020-02-01 23:02:32,738  INFO [main] java:83 - opening url
